{"message":"Sever Running at 3000","level":"info"}
{"message":"Sever Running at 3000","level":"info"}
{"level":"info","message":"Api EndPoint:/news, Api Method: GET"}
{"level":"info","message":"Api EndPoint:/, Api Method: GET"}
{"message":"Sever Running at 3000","level":"info"}
{"level":"info","message":"Api EndPoint:/news, Api Method: GET"}
{"level":"info","message":"Api EndPoint:/new, Api Method: GET"}
{"message":"Sever Running at 3000","level":"info"}
{"message":"Sever Running at 3000","level":"info"}
{"level":"info","message":"Api EndPoint:/new, Api Method: GET"}
{"level":"info","message":"Api EndPoint:/news, Api Method: GET"}
{"message":"Sever Running at 3000","level":"info"}
{"level":"info","message":"Api EndPoint:/news, Api Method: GET"}
{"level":"info","message":"Api EndPoint:/new, Api Method: GET"}
{"message":"Sever Running at 3000","level":"info"}
{"message":"Sever Running at 3000","level":"info"}
{"level":"info","message":"Api EndPoint:/new, Api Method: GET"}
{"level":"info","message":"Api EndPoint:/news, Api Method: GET"}
{"message":"Sever Running at 3000","level":"info"}
{"message":"Sever Running at 3000","level":"info"}
{"message":"Sever Running at 3000","level":"info"}
{"level":"info","message":"Api EndPoint:/news, Api Method: GET"}
{"level":"info","message":"Api EndPoint:/new, Api Method: GET"}
{"message":"Sever Running at 3000","level":"info"}
{"message":"Sever Running at 3000","level":"info"}
{"message":"Sever Running at 3000","level":"info"}
{"message":"Sever Running at 3000","level":"info"}
{"level":"info","message":"Api EndPoint:/new, Api Method: PUT"}
{"level":"info","message":"Api EndPoint:/newsa, Api Method: PUT"}
{"level":"info","message":"Api EndPoint:/news/qwerty, Api Method: PUT"}
{"message":"Sever Running at 3000","level":"info"}
{"level":"info","message":"Api EndPoint:/news/qwerty, Api Method: PUT"}
{"level":"info","message":"Api EndPoint:/news/2, Api Method: PUT"}
{"level":"info","message":"Api EndPoint:/news, Api Method: GET"}
{"level":"info","message":"Api EndPoint:/news/2, Api Method: GET"}
{"level":"info","message":"Api EndPoint:/news/2, Api Method: POST"}
{"level":"info","message":"Api EndPoint:/news/2, Api Method: GET"}
{"level":"info","message":"Api EndPoint:/news/2, Api Method: POST"}
{"message":"Sever Running at 3000","level":"info"}
{"level":"info","message":"Api EndPoint:/news/2, Api Method: POST"}
{"level":"info","message":"Api EndPoint:/news, Api Method: POST"}
{"level":"info","message":"Api EndPoint:/news, Api Method: GET"}
{"level":"info","message":"Api EndPoint:/news, Api Method: POST"}
{"message":"Sever Running at 3000","level":"info"}
{"level":"info","message":"Api EndPoint:/news, Api Method: POST"}
{"message":"Sever Running at 3000","level":"info"}
{"level":"info","message":"Api EndPoint:/news, Api Method: POST"}
{"level":"info","message":"Api EndPoint:/news/2, Api Method: POST"}
{"level":"info","message":"Api EndPoint:/news, Api Method: POST"}
{"message":"Sever Running at 3000","level":"info"}
{"level":"info","message":"Api EndPoint:/news, Api Method: POST"}
{"message":"Sever Running at 3000","level":"info"}
{"level":"info","message":"Api EndPoint:/news, Api Method: POST"}
{"message":"Sever Running at 3000","level":"info"}
{"level":"info","message":"Api EndPoint:/news/2, Api Method: PUT"}
{"level":"info","message":"Api EndPoint:/news/22, Api Method: PUT"}
{"level":"info","message":"Api EndPoint:/newss/22, Api Method: PUT"}
{"level":"info","message":"Api EndPoint:/news/22, Api Method: PUT"}
{"level":"info","message":"Api EndPoint:/news/1, Api Method: PUT"}
{"message":"Sever Running at 3000","level":"info"}
{"level":"info","message":"Api EndPoint:/news, Api Method: POST"}
{"level":"info","message":"Api EndPoint:/news, Api Method: POST"}
{"message":"Sever Running at 3000","level":"info"}
{"level":"info","message":"Api EndPoint:/news, Api Method: POST"}
{"level":"info","message":"Api EndPoint:/news, Api Method: POST"}
{"level":"info","message":"Api EndPoint:/news, Api Method: POST"}
{"level":"info","message":"Api EndPoint:/news, Api Method: POST"}
{"level":"info","message":"Api EndPoint:/newsdata, Api Method: POST"}
{"level":"info","message":"Api EndPoint:/Pakka, Api Method: POST"}
{"level":"info","message":"Api EndPoint:/Pakka, Api Method: GET"}
{"message":"Sever Running at 3000","level":"info"}
{"level":"info","message":"Api EndPoint:/Pakka, Api Method: POST"}
{"level":"info","message":"Api EndPoint:/Pakka, Api Method: POST"}
{"level":"info","message":"Api EndPoint:/news, Api Method: POST"}
{"level":"info","message":"Api EndPoint:/news, Api Method: POST"}
{"message":"Sever Running at 3000","level":"info"}
{"level":"info","message":"Api EndPoint:/news, Api Method: POST"}
{"message":"Sever Running at 3000","level":"info"}
{"message":"Sever Running at 3000","level":"info"}
{"level":"info","message":"Api EndPoint:/news, Api Method: POST"}
{"message":"Sever Running at 3000","level":"info"}
{"level":"info","message":"Api EndPoint:/news, Api Method: POST"}
{"message":"Sever Running at 3000","level":"info"}
{"level":"info","message":"Api EndPoint:/news, Api Method: POST"}
{"message":"Sever Running at 3000","level":"info"}
{"message":"Sever Running at 3000","level":"info"}
{"message":"Sever Running at 3000","level":"info"}
{"level":"info","message":"Api EndPoint:/news, Api Method: POST"}
{"message":"Sever Running at 3000","level":"info"}
{"level":"info","message":"Api EndPoint:/news, Api Method: POST"}
{"message":"Sever Running at 3000","level":"info"}
{"message":"Sever Running at 3000","level":"info"}
{"level":"info","message":"Api EndPoint:/news, Api Method: POST"}
{"message":"Sever Running at 3000","level":"info"}
{"message":"Sever Running at 3000","level":"info"}
{"level":"info","message":"Api EndPoint:/news, Api Method: POST"}
{"level":"info","message":"Api EndPoint:/news, Api Method: POST"}
{"level":"info","message":"Api EndPoint:/news, Api Method: POST"}
{"level":"info","message":"Api EndPoint:/newsdata, Api Method: POST"}
{"level":"info","message":"Api EndPoint:/zxcvbnm, Api Method: POST"}
{"message":"Sever Running at 3000","level":"info"}
{"message":"Sever Running at 3000","level":"info"}
{"message":"Sever Running at 3000","level":"info"}
{"level":"info","message":"Api EndPoint:/, Api Method: POST"}
{"level":"info","message":"Api EndPoint:/, Api Method: POST"}
{"level":"info","message":"Api EndPoint:/news, Api Method: POST"}
{"level":"info","message":"Api EndPoint:/news, Api Method: POST"}
{"level":"info","message":"Api EndPoint:/news, Api Method: POST"}
{"level":"info","message":"Api EndPoint:/news, Api Method: POST"}
{"level":"info","message":"Api EndPoint:/news, Api Method: POST"}
{"level":"info","message":"Api EndPoint:/news/6, Api Method: PUT"}
{"level":"info","message":"Api EndPoint:/news/6, Api Method: PUT"}
{"level":"info","message":"Api EndPoint:/news/6, Api Method: GET"}
{"level":"info","message":"Api EndPoint:/news, Api Method: GET"}
{"level":"info","message":"Api EndPoint:/news/6, Api Method: DELETE"}
{"level":"info","message":"Api EndPoint:/news/6, Api Method: GET"}
{"level":"info","message":"Api EndPoint:/news, Api Method: GET"}
{"level":"info","message":"Api EndPoint:/newsData, Api Method: GET"}
